<?xml version="1.0" encoding="UTF-8"?>
<!-- Generated by org.testng.reporters.JUnitXMLReporter -->
<testsuite hostname="Arunima-Gururani-L" ignored="0" name="Error Validation" tests="2" failures="0" timestamp="01 Dec 2022 16:39:27 GMT" time="23.306" errors="0">
  <testcase name="productErrorValidation" time="13.582" classname="org.example.tests.ErrorValidationTest"/>
  <testcase name="loggingErrorValidation" time="0.378" classname="org.example.tests.ErrorValidationTest"/>
</testsuite> <!-- Error Validation -->
