<?xml version="1.0" encoding="UTF-8"?>
<!-- Generated by org.testng.reporters.JUnitXMLReporter -->
<testsuite hostname="Arunima-Gururani-L" ignored="0" name="Submit order" tests="3" failures="0" timestamp="01 Dec 2022 16:39:47 GMT" time="43.599" errors="0">
  <testcase name="submitOrder" time="14.546" classname="org.example.tests.SubmitOrderTest"/>
  <testcase name="submitOrder" time="14.947" classname="org.example.tests.SubmitOrderTest"/>
  <testcase name="checkOrders" time="0.843" classname="org.example.tests.SubmitOrderTest"/>
</testsuite> <!-- Submit order -->
